[2023-12-24T04:51:18.377+0000] {manager.py:469} INFO - Processing files using up to 2 processes at a time 
[2023-12-24T04:51:18.377+0000] {manager.py:470} INFO - Process each file at most once every 30 seconds
[2023-12-24T04:51:18.378+0000] {manager.py:471} INFO - Checking for new files in /opt/airflow/dags every 300 seconds
[2023-12-24T04:51:18.378+0000] {manager.py:738} INFO - Searching for files in /opt/airflow/dags
[2023-12-24T04:51:18.379+0000] {manager.py:741} INFO - There are 0 files in /opt/airflow/dags
[2023-12-24T04:52:26.699+0000] {manager.py:451} INFO - Exiting gracefully upon receiving signal 15
[2023-12-24T05:11:59.515+0000] {manager.py:469} INFO - Processing files using up to 2 processes at a time 
[2023-12-24T05:11:59.516+0000] {manager.py:470} INFO - Process each file at most once every 30 seconds
[2023-12-24T05:11:59.516+0000] {manager.py:471} INFO - Checking for new files in /opt/airflow/dags every 300 seconds
[2023-12-24T05:11:59.516+0000] {manager.py:738} INFO - Searching for files in /opt/airflow/dags
[2023-12-24T05:11:59.517+0000] {manager.py:741} INFO - There are 0 files in /opt/airflow/dags
[2023-12-24T05:16:59.774+0000] {manager.py:738} INFO - Searching for files in /opt/airflow/dags
[2023-12-24T05:16:59.780+0000] {manager.py:741} INFO - There are 0 files in /opt/airflow/dags
[2023-12-24T05:22:00.681+0000] {manager.py:738} INFO - Searching for files in /opt/airflow/dags
[2023-12-24T05:22:00.685+0000] {manager.py:741} INFO - There are 0 files in /opt/airflow/dags
[2023-12-24T05:27:01.001+0000] {manager.py:738} INFO - Searching for files in /opt/airflow/dags
[2023-12-24T05:27:01.007+0000] {manager.py:741} INFO - There are 0 files in /opt/airflow/dags
[2023-12-24T05:32:01.432+0000] {manager.py:738} INFO - Searching for files in /opt/airflow/dags
[2023-12-24T05:32:01.434+0000] {manager.py:741} INFO - There are 0 files in /opt/airflow/dags
[2023-12-24T05:37:01.912+0000] {manager.py:738} INFO - Searching for files in /opt/airflow/dags
[2023-12-24T05:37:01.918+0000] {manager.py:741} INFO - There are 0 files in /opt/airflow/dags
[2023-12-24T05:42:02.470+0000] {manager.py:738} INFO - Searching for files in /opt/airflow/dags
[2023-12-24T05:42:02.474+0000] {manager.py:741} INFO - There are 0 files in /opt/airflow/dags
[2023-12-24T05:47:02.813+0000] {manager.py:738} INFO - Searching for files in /opt/airflow/dags
[2023-12-24T05:47:02.816+0000] {manager.py:741} INFO - There are 0 files in /opt/airflow/dags
[2023-12-24T05:52:02.825+0000] {manager.py:738} INFO - Searching for files in /opt/airflow/dags
[2023-12-24T05:52:02.827+0000] {manager.py:741} INFO - There are 0 files in /opt/airflow/dags
[2023-12-24T05:57:03.251+0000] {manager.py:738} INFO - Searching for files in /opt/airflow/dags
[2023-12-24T05:57:03.254+0000] {manager.py:741} INFO - There are 0 files in /opt/airflow/dags
[2023-12-24T06:02:03.685+0000] {manager.py:738} INFO - Searching for files in /opt/airflow/dags
[2023-12-24T06:02:03.689+0000] {manager.py:741} INFO - There are 0 files in /opt/airflow/dags
[2023-12-24T06:07:04.113+0000] {manager.py:738} INFO - Searching for files in /opt/airflow/dags
[2023-12-24T06:07:04.117+0000] {manager.py:741} INFO - There are 0 files in /opt/airflow/dags
[2023-12-24T06:12:04.773+0000] {manager.py:738} INFO - Searching for files in /opt/airflow/dags
[2023-12-24T06:12:04.777+0000] {manager.py:741} INFO - There are 0 files in /opt/airflow/dags
[2023-12-24T06:17:05.093+0000] {manager.py:738} INFO - Searching for files in /opt/airflow/dags
[2023-12-24T06:17:05.097+0000] {manager.py:741} INFO - There are 0 files in /opt/airflow/dags
[2023-12-24T06:22:05.737+0000] {manager.py:738} INFO - Searching for files in /opt/airflow/dags
[2023-12-24T06:22:05.740+0000] {manager.py:741} INFO - There are 0 files in /opt/airflow/dags
[2023-12-24T06:27:06.282+0000] {manager.py:738} INFO - Searching for files in /opt/airflow/dags
[2023-12-24T06:27:06.287+0000] {manager.py:741} INFO - There are 0 files in /opt/airflow/dags
[2023-12-24T06:32:06.955+0000] {manager.py:738} INFO - Searching for files in /opt/airflow/dags
[2023-12-24T06:32:06.959+0000] {manager.py:741} INFO - There are 0 files in /opt/airflow/dags
[2023-12-24T07:24:53.018+0000] {manager.py:738} INFO - Searching for files in /opt/airflow/dags
[2023-12-24T07:24:53.020+0000] {manager.py:741} INFO - There are 0 files in /opt/airflow/dags
[2023-12-24T08:16:51.203+0000] {manager.py:738} INFO - Searching for files in /opt/airflow/dags
[2023-12-24T08:16:51.206+0000] {manager.py:741} INFO - There are 0 files in /opt/airflow/dags
[2023-12-24T08:21:52.200+0000] {manager.py:738} INFO - Searching for files in /opt/airflow/dags
[2023-12-24T08:21:52.205+0000] {manager.py:741} INFO - There are 0 files in /opt/airflow/dags
[2023-12-24T08:26:52.988+0000] {manager.py:738} INFO - Searching for files in /opt/airflow/dags
[2023-12-24T08:26:52.997+0000] {manager.py:741} INFO - There are 0 files in /opt/airflow/dags
[2023-12-24T08:31:52.995+0000] {manager.py:738} INFO - Searching for files in /opt/airflow/dags
[2023-12-24T08:31:53.002+0000] {manager.py:741} INFO - There are 0 files in /opt/airflow/dags
[2023-12-24T08:36:53.990+0000] {manager.py:738} INFO - Searching for files in /opt/airflow/dags
[2023-12-24T08:36:53.992+0000] {manager.py:741} INFO - There are 0 files in /opt/airflow/dags
[2023-12-24T08:41:54.857+0000] {manager.py:738} INFO - Searching for files in /opt/airflow/dags
[2023-12-24T08:41:54.864+0000] {manager.py:741} INFO - There are 0 files in /opt/airflow/dags
[2023-12-24T08:46:55.605+0000] {manager.py:738} INFO - Searching for files in /opt/airflow/dags
[2023-12-24T08:46:55.612+0000] {manager.py:741} INFO - There are 0 files in /opt/airflow/dags
[2023-12-24T08:51:56.509+0000] {manager.py:738} INFO - Searching for files in /opt/airflow/dags
[2023-12-24T08:51:56.520+0000] {manager.py:741} INFO - There are 0 files in /opt/airflow/dags
[2023-12-24T08:56:57.452+0000] {manager.py:738} INFO - Searching for files in /opt/airflow/dags
[2023-12-24T08:56:57.456+0000] {manager.py:741} INFO - There are 0 files in /opt/airflow/dags
[2023-12-24T09:01:58.308+0000] {manager.py:738} INFO - Searching for files in /opt/airflow/dags
[2023-12-24T09:01:58.313+0000] {manager.py:741} INFO - There are 0 files in /opt/airflow/dags
[2023-12-24T09:06:59.301+0000] {manager.py:738} INFO - Searching for files in /opt/airflow/dags
[2023-12-24T09:06:59.303+0000] {manager.py:741} INFO - There are 0 files in /opt/airflow/dags
[2023-12-24T09:11:59.797+0000] {manager.py:738} INFO - Searching for files in /opt/airflow/dags
[2023-12-24T09:11:59.802+0000] {manager.py:741} INFO - There are 0 files in /opt/airflow/dags
[2023-12-24T09:17:00.458+0000] {manager.py:738} INFO - Searching for files in /opt/airflow/dags
[2023-12-24T09:17:00.465+0000] {manager.py:741} INFO - There are 0 files in /opt/airflow/dags
[2023-12-24T09:22:01.257+0000] {manager.py:738} INFO - Searching for files in /opt/airflow/dags
[2023-12-24T09:22:01.264+0000] {manager.py:741} INFO - There are 0 files in /opt/airflow/dags
[2023-12-24T09:27:02.132+0000] {manager.py:738} INFO - Searching for files in /opt/airflow/dags
[2023-12-24T09:27:02.136+0000] {manager.py:741} INFO - There are 0 files in /opt/airflow/dags
[2023-12-24T09:32:02.913+0000] {manager.py:738} INFO - Searching for files in /opt/airflow/dags
[2023-12-24T09:32:02.918+0000] {manager.py:741} INFO - There are 0 files in /opt/airflow/dags
[2023-12-24T09:37:03.902+0000] {manager.py:738} INFO - Searching for files in /opt/airflow/dags
[2023-12-24T09:37:03.905+0000] {manager.py:741} INFO - There are 0 files in /opt/airflow/dags
[2023-12-24T09:42:04.686+0000] {manager.py:738} INFO - Searching for files in /opt/airflow/dags
[2023-12-24T09:42:04.692+0000] {manager.py:741} INFO - There are 0 files in /opt/airflow/dags
[2023-12-24T09:47:04.712+0000] {manager.py:738} INFO - Searching for files in /opt/airflow/dags
[2023-12-24T09:47:04.717+0000] {manager.py:741} INFO - There are 0 files in /opt/airflow/dags
[2023-12-24T09:52:05.674+0000] {manager.py:738} INFO - Searching for files in /opt/airflow/dags
[2023-12-24T09:52:05.679+0000] {manager.py:741} INFO - There are 0 files in /opt/airflow/dags
[2023-12-24T09:57:06.554+0000] {manager.py:738} INFO - Searching for files in /opt/airflow/dags
[2023-12-24T09:57:06.558+0000] {manager.py:741} INFO - There are 0 files in /opt/airflow/dags
[2023-12-24T10:02:07.367+0000] {manager.py:738} INFO - Searching for files in /opt/airflow/dags
[2023-12-24T10:02:07.375+0000] {manager.py:741} INFO - There are 0 files in /opt/airflow/dags
[2023-12-24T10:07:07.622+0000] {manager.py:738} INFO - Searching for files in /opt/airflow/dags
[2023-12-24T10:07:07.627+0000] {manager.py:741} INFO - There are 0 files in /opt/airflow/dags
[2023-12-24T10:12:08.350+0000] {manager.py:738} INFO - Searching for files in /opt/airflow/dags
[2023-12-24T10:12:08.355+0000] {manager.py:741} INFO - There are 0 files in /opt/airflow/dags
[2023-12-24T10:17:08.811+0000] {manager.py:738} INFO - Searching for files in /opt/airflow/dags
[2023-12-24T10:17:08.821+0000] {manager.py:741} INFO - There are 0 files in /opt/airflow/dags
[2023-12-24T10:22:09.729+0000] {manager.py:738} INFO - Searching for files in /opt/airflow/dags
[2023-12-24T10:22:09.735+0000] {manager.py:741} INFO - There are 0 files in /opt/airflow/dags
[2023-12-24T10:27:10.700+0000] {manager.py:738} INFO - Searching for files in /opt/airflow/dags
[2023-12-24T10:27:10.705+0000] {manager.py:741} INFO - There are 0 files in /opt/airflow/dags
[2023-12-24T10:32:11.021+0000] {manager.py:738} INFO - Searching for files in /opt/airflow/dags
[2023-12-24T10:32:11.027+0000] {manager.py:741} INFO - There are 0 files in /opt/airflow/dags
[2023-12-24T11:05:20.094+0000] {manager.py:738} INFO - Searching for files in /opt/airflow/dags
[2023-12-24T11:05:20.096+0000] {manager.py:741} INFO - There are 0 files in /opt/airflow/dags
[2023-12-24T12:31:52.587+0000] {manager.py:738} INFO - Searching for files in /opt/airflow/dags
[2023-12-24T12:31:52.592+0000] {manager.py:741} INFO - There are 0 files in /opt/airflow/dags
[2023-12-24T13:32:59.408+0000] {manager.py:738} INFO - Searching for files in /opt/airflow/dags
[2023-12-24T13:32:59.410+0000] {manager.py:741} INFO - There are 0 files in /opt/airflow/dags
[2023-12-24T14:50:28.753+0000] {manager.py:738} INFO - Searching for files in /opt/airflow/dags
[2023-12-24T14:50:28.785+0000] {manager.py:741} INFO - There are 0 files in /opt/airflow/dags
[2023-12-24T15:16:56.153+0000] {manager.py:738} INFO - Searching for files in /opt/airflow/dags
[2023-12-24T15:16:56.155+0000] {manager.py:741} INFO - There are 0 files in /opt/airflow/dags
[2023-12-24T15:21:57.053+0000] {manager.py:738} INFO - Searching for files in /opt/airflow/dags
[2023-12-24T15:21:57.059+0000] {manager.py:741} INFO - There are 0 files in /opt/airflow/dags
[2023-12-24T15:26:57.320+0000] {manager.py:738} INFO - Searching for files in /opt/airflow/dags
[2023-12-24T15:26:57.324+0000] {manager.py:741} INFO - There are 0 files in /opt/airflow/dags
[2023-12-24T15:31:57.697+0000] {manager.py:738} INFO - Searching for files in /opt/airflow/dags
[2023-12-24T15:31:57.702+0000] {manager.py:741} INFO - There are 0 files in /opt/airflow/dags
[2023-12-24T15:36:57.978+0000] {manager.py:738} INFO - Searching for files in /opt/airflow/dags
[2023-12-24T15:36:57.981+0000] {manager.py:741} INFO - There are 0 files in /opt/airflow/dags
[2023-12-24T15:41:58.243+0000] {manager.py:738} INFO - Searching for files in /opt/airflow/dags
[2023-12-24T15:41:58.249+0000] {manager.py:741} INFO - There are 0 files in /opt/airflow/dags
[2023-12-24T15:46:59.178+0000] {manager.py:738} INFO - Searching for files in /opt/airflow/dags
[2023-12-24T15:46:59.184+0000] {manager.py:741} INFO - There are 0 files in /opt/airflow/dags
[2023-12-24T15:51:59.727+0000] {manager.py:738} INFO - Searching for files in /opt/airflow/dags
[2023-12-24T15:51:59.732+0000] {manager.py:741} INFO - There are 0 files in /opt/airflow/dags
[2023-12-24T16:27:50.493+0000] {manager.py:738} INFO - Searching for files in /opt/airflow/dags
[2023-12-24T16:27:50.494+0000] {manager.py:741} INFO - There are 0 files in /opt/airflow/dags
[2023-12-24T17:17:48.707+0000] {manager.py:738} INFO - Searching for files in /opt/airflow/dags
[2023-12-24T17:17:48.708+0000] {manager.py:741} INFO - There are 0 files in /opt/airflow/dags
[2023-12-24T17:50:56.636+0000] {manager.py:738} INFO - Searching for files in /opt/airflow/dags
[2023-12-24T17:50:56.641+0000] {manager.py:741} INFO - There are 0 files in /opt/airflow/dags
[2023-12-24T19:20:47.577+0000] {manager.py:738} INFO - Searching for files in /opt/airflow/dags
[2023-12-24T19:20:47.579+0000] {manager.py:741} INFO - There are 0 files in /opt/airflow/dags
[2023-12-24T20:42:51.899+0000] {manager.py:738} INFO - Searching for files in /opt/airflow/dags
[2023-12-24T20:42:51.901+0000] {manager.py:741} INFO - There are 0 files in /opt/airflow/dags
[2023-12-24T22:01:16.229+0000] {manager.py:738} INFO - Searching for files in /opt/airflow/dags
[2023-12-24T22:01:16.233+0000] {manager.py:741} INFO - There are 0 files in /opt/airflow/dags
[2023-12-24T23:38:46.259+0000] {manager.py:738} INFO - Searching for files in /opt/airflow/dags
[2023-12-24T23:38:46.262+0000] {manager.py:741} INFO - There are 0 files in /opt/airflow/dags
[2023-12-25T00:45:16.199+0000] {manager.py:738} INFO - Searching for files in /opt/airflow/dags
[2023-12-25T00:45:16.203+0000] {manager.py:741} INFO - There are 0 files in /opt/airflow/dags
[2023-12-25T01:41:18.946+0000] {manager.py:738} INFO - Searching for files in /opt/airflow/dags
[2023-12-25T01:41:18.950+0000] {manager.py:741} INFO - There are 0 files in /opt/airflow/dags
[2023-12-25T01:51:13.749+0000] {manager.py:738} INFO - Searching for files in /opt/airflow/dags
[2023-12-25T01:51:13.753+0000] {manager.py:741} INFO - There are 0 files in /opt/airflow/dags
[2023-12-25T01:56:14.408+0000] {manager.py:738} INFO - Searching for files in /opt/airflow/dags
[2023-12-25T01:56:14.411+0000] {manager.py:741} INFO - There are 0 files in /opt/airflow/dags
[2023-12-25T02:01:15.222+0000] {manager.py:738} INFO - Searching for files in /opt/airflow/dags
[2023-12-25T02:01:15.224+0000] {manager.py:741} INFO - There are 0 files in /opt/airflow/dags
[2023-12-25T02:06:15.399+0000] {manager.py:738} INFO - Searching for files in /opt/airflow/dags
[2023-12-25T02:06:15.401+0000] {manager.py:741} INFO - There are 0 files in /opt/airflow/dags
[2023-12-25T02:14:07.324+0000] {manager.py:738} INFO - Searching for files in /opt/airflow/dags
[2023-12-25T02:14:07.327+0000] {manager.py:741} INFO - There are 0 files in /opt/airflow/dags
[2023-12-25T02:19:08.320+0000] {manager.py:738} INFO - Searching for files in /opt/airflow/dags
[2023-12-25T02:19:08.328+0000] {manager.py:741} INFO - There are 0 files in /opt/airflow/dags
[2023-12-25T02:24:08.392+0000] {manager.py:738} INFO - Searching for files in /opt/airflow/dags
[2023-12-25T02:24:08.396+0000] {manager.py:741} INFO - There are 0 files in /opt/airflow/dags
[2023-12-25T02:29:09.250+0000] {manager.py:738} INFO - Searching for files in /opt/airflow/dags
[2023-12-25T02:29:09.252+0000] {manager.py:741} INFO - There are 0 files in /opt/airflow/dags
[2023-12-25T02:34:10.146+0000] {manager.py:738} INFO - Searching for files in /opt/airflow/dags
[2023-12-25T02:34:10.154+0000] {manager.py:741} INFO - There are 0 files in /opt/airflow/dags
[2023-12-25T02:39:10.949+0000] {manager.py:738} INFO - Searching for files in /opt/airflow/dags
[2023-12-25T02:39:10.953+0000] {manager.py:741} INFO - There are 0 files in /opt/airflow/dags
[2023-12-25T02:44:11.673+0000] {manager.py:738} INFO - Searching for files in /opt/airflow/dags
[2023-12-25T02:44:11.681+0000] {manager.py:741} INFO - There are 0 files in /opt/airflow/dags
[2023-12-25T02:49:12.342+0000] {manager.py:738} INFO - Searching for files in /opt/airflow/dags
[2023-12-25T02:49:12.345+0000] {manager.py:741} INFO - There are 0 files in /opt/airflow/dags
[2023-12-25T02:54:13.271+0000] {manager.py:738} INFO - Searching for files in /opt/airflow/dags
[2023-12-25T02:54:13.279+0000] {manager.py:741} INFO - There are 0 files in /opt/airflow/dags
[2023-12-25T02:59:13.276+0000] {manager.py:738} INFO - Searching for files in /opt/airflow/dags
[2023-12-25T02:59:13.282+0000] {manager.py:741} INFO - There are 0 files in /opt/airflow/dags
[2023-12-25T03:04:13.339+0000] {manager.py:738} INFO - Searching for files in /opt/airflow/dags
[2023-12-25T03:04:13.345+0000] {manager.py:741} INFO - There are 0 files in /opt/airflow/dags
[2023-12-25T03:09:14.140+0000] {manager.py:738} INFO - Searching for files in /opt/airflow/dags
[2023-12-25T03:09:14.145+0000] {manager.py:741} INFO - There are 0 files in /opt/airflow/dags
[2023-12-25T03:14:14.967+0000] {manager.py:738} INFO - Searching for files in /opt/airflow/dags
[2023-12-25T03:14:14.975+0000] {manager.py:741} INFO - There are 0 files in /opt/airflow/dags
[2023-12-25T03:19:15.861+0000] {manager.py:738} INFO - Searching for files in /opt/airflow/dags
[2023-12-25T03:19:15.863+0000] {manager.py:741} INFO - There are 0 files in /opt/airflow/dags
[2023-12-25T03:24:16.527+0000] {manager.py:738} INFO - Searching for files in /opt/airflow/dags
[2023-12-25T03:24:16.533+0000] {manager.py:741} INFO - There are 0 files in /opt/airflow/dags
[2023-12-25T03:29:17.268+0000] {manager.py:738} INFO - Searching for files in /opt/airflow/dags
[2023-12-25T03:29:17.270+0000] {manager.py:741} INFO - There are 0 files in /opt/airflow/dags
[2023-12-25T03:34:18.025+0000] {manager.py:738} INFO - Searching for files in /opt/airflow/dags
[2023-12-25T03:34:18.038+0000] {manager.py:741} INFO - There are 0 files in /opt/airflow/dags
[2023-12-25T03:39:18.723+0000] {manager.py:738} INFO - Searching for files in /opt/airflow/dags
[2023-12-25T03:39:18.728+0000] {manager.py:741} INFO - There are 0 files in /opt/airflow/dags
[2023-12-25T03:44:19.613+0000] {manager.py:738} INFO - Searching for files in /opt/airflow/dags
[2023-12-25T03:44:19.617+0000] {manager.py:741} INFO - There are 0 files in /opt/airflow/dags
[2023-12-25T03:49:20.473+0000] {manager.py:738} INFO - Searching for files in /opt/airflow/dags
[2023-12-25T03:49:20.476+0000] {manager.py:741} INFO - There are 0 files in /opt/airflow/dags
[2023-12-25T03:54:21.360+0000] {manager.py:738} INFO - Searching for files in /opt/airflow/dags
[2023-12-25T03:54:21.363+0000] {manager.py:741} INFO - There are 0 files in /opt/airflow/dags
[2023-12-25T03:59:22.082+0000] {manager.py:738} INFO - Searching for files in /opt/airflow/dags
[2023-12-25T03:59:22.089+0000] {manager.py:741} INFO - There are 0 files in /opt/airflow/dags
[2023-12-25T04:04:22.715+0000] {manager.py:738} INFO - Searching for files in /opt/airflow/dags
[2023-12-25T04:04:22.717+0000] {manager.py:741} INFO - There are 0 files in /opt/airflow/dags
[2023-12-25T04:09:23.547+0000] {manager.py:738} INFO - Searching for files in /opt/airflow/dags
[2023-12-25T04:09:23.551+0000] {manager.py:741} INFO - There are 0 files in /opt/airflow/dags
[2023-12-25T04:14:24.286+0000] {manager.py:738} INFO - Searching for files in /opt/airflow/dags
[2023-12-25T04:14:24.291+0000] {manager.py:741} INFO - There are 0 files in /opt/airflow/dags
[2023-12-25T04:19:24.923+0000] {manager.py:738} INFO - Searching for files in /opt/airflow/dags
[2023-12-25T04:19:24.927+0000] {manager.py:741} INFO - There are 0 files in /opt/airflow/dags
[2023-12-25T04:24:25.655+0000] {manager.py:738} INFO - Searching for files in /opt/airflow/dags
[2023-12-25T04:24:25.660+0000] {manager.py:741} INFO - There are 0 files in /opt/airflow/dags
[2023-12-25T04:29:26.326+0000] {manager.py:738} INFO - Searching for files in /opt/airflow/dags
[2023-12-25T04:29:26.333+0000] {manager.py:741} INFO - There are 0 files in /opt/airflow/dags
[2023-12-25T04:34:26.952+0000] {manager.py:738} INFO - Searching for files in /opt/airflow/dags
[2023-12-25T04:34:26.956+0000] {manager.py:741} INFO - There are 0 files in /opt/airflow/dags
[2023-12-25T04:39:27.633+0000] {manager.py:738} INFO - Searching for files in /opt/airflow/dags
[2023-12-25T04:39:27.637+0000] {manager.py:741} INFO - There are 0 files in /opt/airflow/dags
[2023-12-25T04:44:28.376+0000] {manager.py:738} INFO - Searching for files in /opt/airflow/dags
[2023-12-25T04:44:28.380+0000] {manager.py:741} INFO - There are 0 files in /opt/airflow/dags
[2023-12-25T04:49:29.094+0000] {manager.py:738} INFO - Searching for files in /opt/airflow/dags
[2023-12-25T04:49:29.100+0000] {manager.py:741} INFO - There are 0 files in /opt/airflow/dags
[2023-12-25T04:54:29.952+0000] {manager.py:738} INFO - Searching for files in /opt/airflow/dags
[2023-12-25T04:54:29.961+0000] {manager.py:741} INFO - There are 0 files in /opt/airflow/dags
[2023-12-25T04:59:30.768+0000] {manager.py:738} INFO - Searching for files in /opt/airflow/dags
[2023-12-25T04:59:30.771+0000] {manager.py:741} INFO - There are 0 files in /opt/airflow/dags
[2023-12-25T05:04:31.211+0000] {manager.py:738} INFO - Searching for files in /opt/airflow/dags
[2023-12-25T05:04:31.218+0000] {manager.py:741} INFO - There are 0 files in /opt/airflow/dags
[2023-12-25T05:09:32.057+0000] {manager.py:738} INFO - Searching for files in /opt/airflow/dags
[2023-12-25T05:09:32.060+0000] {manager.py:741} INFO - There are 0 files in /opt/airflow/dags
[2023-12-25T05:14:32.549+0000] {manager.py:738} INFO - Searching for files in /opt/airflow/dags
[2023-12-25T05:14:32.551+0000] {manager.py:741} INFO - There are 0 files in /opt/airflow/dags
[2023-12-25T05:19:32.704+0000] {manager.py:738} INFO - Searching for files in /opt/airflow/dags
[2023-12-25T05:19:32.705+0000] {manager.py:741} INFO - There are 0 files in /opt/airflow/dags
[2023-12-25T05:24:33.537+0000] {manager.py:738} INFO - Searching for files in /opt/airflow/dags
[2023-12-25T05:24:33.538+0000] {manager.py:741} INFO - There are 0 files in /opt/airflow/dags
[2023-12-25T05:29:33.565+0000] {manager.py:738} INFO - Searching for files in /opt/airflow/dags
[2023-12-25T05:29:33.567+0000] {manager.py:741} INFO - There are 0 files in /opt/airflow/dags
[2023-12-25T05:34:34.257+0000] {manager.py:738} INFO - Searching for files in /opt/airflow/dags
[2023-12-25T05:34:34.262+0000] {manager.py:741} INFO - There are 0 files in /opt/airflow/dags
[2023-12-25T05:39:34.926+0000] {manager.py:738} INFO - Searching for files in /opt/airflow/dags
[2023-12-25T05:39:34.931+0000] {manager.py:741} INFO - There are 0 files in /opt/airflow/dags
[2023-12-25T05:44:35.814+0000] {manager.py:738} INFO - Searching for files in /opt/airflow/dags
[2023-12-25T05:44:35.820+0000] {manager.py:741} INFO - There are 0 files in /opt/airflow/dags
[2023-12-25T05:49:36.457+0000] {manager.py:738} INFO - Searching for files in /opt/airflow/dags
[2023-12-25T05:49:36.463+0000] {manager.py:741} INFO - There are 0 files in /opt/airflow/dags
[2023-12-25T05:54:37.113+0000] {manager.py:738} INFO - Searching for files in /opt/airflow/dags
[2023-12-25T05:54:37.118+0000] {manager.py:741} INFO - There are 0 files in /opt/airflow/dags
[2023-12-25T05:59:37.868+0000] {manager.py:738} INFO - Searching for files in /opt/airflow/dags
[2023-12-25T05:59:37.874+0000] {manager.py:741} INFO - There are 0 files in /opt/airflow/dags
[2023-12-25T06:04:38.697+0000] {manager.py:738} INFO - Searching for files in /opt/airflow/dags
[2023-12-25T06:04:38.704+0000] {manager.py:741} INFO - There are 0 files in /opt/airflow/dags
[2023-12-25T06:09:39.433+0000] {manager.py:738} INFO - Searching for files in /opt/airflow/dags
[2023-12-25T06:09:39.438+0000] {manager.py:741} INFO - There are 0 files in /opt/airflow/dags
[2023-12-25T06:14:40.399+0000] {manager.py:738} INFO - Searching for files in /opt/airflow/dags
[2023-12-25T06:14:40.403+0000] {manager.py:741} INFO - There are 0 files in /opt/airflow/dags
[2023-12-25T06:19:40.886+0000] {manager.py:738} INFO - Searching for files in /opt/airflow/dags
[2023-12-25T06:19:40.891+0000] {manager.py:741} INFO - There are 0 files in /opt/airflow/dags
[2023-12-25T06:24:40.987+0000] {manager.py:738} INFO - Searching for files in /opt/airflow/dags
[2023-12-25T06:24:40.992+0000] {manager.py:741} INFO - There are 0 files in /opt/airflow/dags
[2023-12-25T06:29:41.713+0000] {manager.py:738} INFO - Searching for files in /opt/airflow/dags
[2023-12-25T06:29:41.719+0000] {manager.py:741} INFO - There are 0 files in /opt/airflow/dags
[2023-12-25T06:34:42.551+0000] {manager.py:738} INFO - Searching for files in /opt/airflow/dags
[2023-12-25T06:34:42.554+0000] {manager.py:741} INFO - There are 0 files in /opt/airflow/dags
[2023-12-25T06:39:43.469+0000] {manager.py:738} INFO - Searching for files in /opt/airflow/dags
[2023-12-25T06:39:43.474+0000] {manager.py:741} INFO - There are 0 files in /opt/airflow/dags
[2023-12-25T06:44:44.202+0000] {manager.py:738} INFO - Searching for files in /opt/airflow/dags
[2023-12-25T06:44:44.204+0000] {manager.py:741} INFO - There are 0 files in /opt/airflow/dags
[2023-12-25T06:49:45.097+0000] {manager.py:738} INFO - Searching for files in /opt/airflow/dags
[2023-12-25T06:49:45.103+0000] {manager.py:741} INFO - There are 0 files in /opt/airflow/dags
[2023-12-25T06:54:45.849+0000] {manager.py:738} INFO - Searching for files in /opt/airflow/dags
[2023-12-25T06:54:45.855+0000] {manager.py:741} INFO - There are 0 files in /opt/airflow/dags
[2023-12-25T06:59:46.712+0000] {manager.py:738} INFO - Searching for files in /opt/airflow/dags
[2023-12-25T06:59:46.715+0000] {manager.py:741} INFO - There are 0 files in /opt/airflow/dags
[2023-12-25T07:04:47.587+0000] {manager.py:738} INFO - Searching for files in /opt/airflow/dags
[2023-12-25T07:04:47.595+0000] {manager.py:741} INFO - There are 0 files in /opt/airflow/dags
[2023-12-25T07:09:48.489+0000] {manager.py:738} INFO - Searching for files in /opt/airflow/dags
[2023-12-25T07:09:48.494+0000] {manager.py:741} INFO - There are 0 files in /opt/airflow/dags
[2023-12-25T07:14:49.299+0000] {manager.py:738} INFO - Searching for files in /opt/airflow/dags
[2023-12-25T07:14:49.305+0000] {manager.py:741} INFO - There are 0 files in /opt/airflow/dags
[2023-12-25T07:19:50.049+0000] {manager.py:738} INFO - Searching for files in /opt/airflow/dags
[2023-12-25T07:19:50.058+0000] {manager.py:741} INFO - There are 0 files in /opt/airflow/dags
[2023-12-25T07:24:51.003+0000] {manager.py:738} INFO - Searching for files in /opt/airflow/dags
[2023-12-25T07:24:51.012+0000] {manager.py:741} INFO - There are 0 files in /opt/airflow/dags
[2023-12-25T07:29:51.710+0000] {manager.py:738} INFO - Searching for files in /opt/airflow/dags
[2023-12-25T07:29:51.717+0000] {manager.py:741} INFO - There are 0 files in /opt/airflow/dags
[2023-12-25T07:34:51.740+0000] {manager.py:738} INFO - Searching for files in /opt/airflow/dags
[2023-12-25T07:34:51.745+0000] {manager.py:741} INFO - There are 0 files in /opt/airflow/dags
[2023-12-25T07:39:52.524+0000] {manager.py:738} INFO - Searching for files in /opt/airflow/dags
[2023-12-25T07:39:52.533+0000] {manager.py:741} INFO - There are 0 files in /opt/airflow/dags
[2023-12-25T07:44:52.575+0000] {manager.py:738} INFO - Searching for files in /opt/airflow/dags
[2023-12-25T07:44:52.580+0000] {manager.py:741} INFO - There are 0 files in /opt/airflow/dags
[2023-12-25T07:49:53.494+0000] {manager.py:738} INFO - Searching for files in /opt/airflow/dags
[2023-12-25T07:49:53.498+0000] {manager.py:741} INFO - There are 0 files in /opt/airflow/dags
[2023-12-25T07:54:54.355+0000] {manager.py:738} INFO - Searching for files in /opt/airflow/dags
[2023-12-25T07:54:54.363+0000] {manager.py:741} INFO - There are 0 files in /opt/airflow/dags
[2023-12-25T07:59:54.936+0000] {manager.py:738} INFO - Searching for files in /opt/airflow/dags
[2023-12-25T07:59:54.943+0000] {manager.py:741} INFO - There are 0 files in /opt/airflow/dags
[2023-12-25T08:04:55.832+0000] {manager.py:738} INFO - Searching for files in /opt/airflow/dags
[2023-12-25T08:04:55.839+0000] {manager.py:741} INFO - There are 0 files in /opt/airflow/dags
[2023-12-25T08:09:56.763+0000] {manager.py:738} INFO - Searching for files in /opt/airflow/dags
[2023-12-25T08:09:56.768+0000] {manager.py:741} INFO - There are 0 files in /opt/airflow/dags
[2023-12-25T08:14:57.763+0000] {manager.py:738} INFO - Searching for files in /opt/airflow/dags
[2023-12-25T08:14:57.771+0000] {manager.py:741} INFO - There are 0 files in /opt/airflow/dags
[2023-12-25T08:19:58.550+0000] {manager.py:738} INFO - Searching for files in /opt/airflow/dags
[2023-12-25T08:19:58.553+0000] {manager.py:741} INFO - There are 0 files in /opt/airflow/dags
[2023-12-25T08:24:59.338+0000] {manager.py:738} INFO - Searching for files in /opt/airflow/dags
[2023-12-25T08:24:59.343+0000] {manager.py:741} INFO - There are 0 files in /opt/airflow/dags
[2023-12-25T08:30:00.258+0000] {manager.py:738} INFO - Searching for files in /opt/airflow/dags
[2023-12-25T08:30:00.265+0000] {manager.py:741} INFO - There are 0 files in /opt/airflow/dags
[2023-12-25T08:35:01.024+0000] {manager.py:738} INFO - Searching for files in /opt/airflow/dags
[2023-12-25T08:35:01.028+0000] {manager.py:741} INFO - There are 0 files in /opt/airflow/dags
[2023-12-25T08:40:01.837+0000] {manager.py:738} INFO - Searching for files in /opt/airflow/dags
[2023-12-25T08:40:01.844+0000] {manager.py:741} INFO - There are 0 files in /opt/airflow/dags
[2023-12-25T08:45:02.706+0000] {manager.py:738} INFO - Searching for files in /opt/airflow/dags
[2023-12-25T08:45:02.715+0000] {manager.py:741} INFO - There are 0 files in /opt/airflow/dags
[2023-12-25T08:50:03.614+0000] {manager.py:738} INFO - Searching for files in /opt/airflow/dags
[2023-12-25T08:50:03.623+0000] {manager.py:741} INFO - There are 0 files in /opt/airflow/dags
[2023-12-25T08:55:04.412+0000] {manager.py:738} INFO - Searching for files in /opt/airflow/dags
[2023-12-25T08:55:04.415+0000] {manager.py:741} INFO - There are 0 files in /opt/airflow/dags
[2023-12-25T09:00:05.283+0000] {manager.py:738} INFO - Searching for files in /opt/airflow/dags
[2023-12-25T09:00:05.288+0000] {manager.py:741} INFO - There are 0 files in /opt/airflow/dags
[2023-12-25T09:05:06.262+0000] {manager.py:738} INFO - Searching for files in /opt/airflow/dags
[2023-12-25T09:05:06.268+0000] {manager.py:741} INFO - There are 0 files in /opt/airflow/dags
[2023-12-25T09:10:06.982+0000] {manager.py:738} INFO - Searching for files in /opt/airflow/dags
[2023-12-25T09:10:06.989+0000] {manager.py:741} INFO - There are 0 files in /opt/airflow/dags
[2023-12-25T09:15:07.793+0000] {manager.py:738} INFO - Searching for files in /opt/airflow/dags
[2023-12-25T09:15:07.802+0000] {manager.py:741} INFO - There are 0 files in /opt/airflow/dags
[2023-12-25T09:20:08.746+0000] {manager.py:738} INFO - Searching for files in /opt/airflow/dags
[2023-12-25T09:20:08.751+0000] {manager.py:741} INFO - There are 0 files in /opt/airflow/dags
[2023-12-25T09:25:08.834+0000] {manager.py:738} INFO - Searching for files in /opt/airflow/dags
[2023-12-25T09:25:08.853+0000] {manager.py:741} INFO - There are 0 files in /opt/airflow/dags
[2023-12-25T09:30:09.607+0000] {manager.py:738} INFO - Searching for files in /opt/airflow/dags
[2023-12-25T09:30:09.611+0000] {manager.py:741} INFO - There are 0 files in /opt/airflow/dags
[2023-12-25T09:35:10.433+0000] {manager.py:738} INFO - Searching for files in /opt/airflow/dags
[2023-12-25T09:35:10.441+0000] {manager.py:741} INFO - There are 0 files in /opt/airflow/dags
[2023-12-25T09:40:11.288+0000] {manager.py:738} INFO - Searching for files in /opt/airflow/dags
[2023-12-25T09:40:11.294+0000] {manager.py:741} INFO - There are 0 files in /opt/airflow/dags
[2023-12-25T09:45:12.166+0000] {manager.py:738} INFO - Searching for files in /opt/airflow/dags
[2023-12-25T09:45:12.174+0000] {manager.py:741} INFO - There are 0 files in /opt/airflow/dags
[2023-12-25T09:50:12.955+0000] {manager.py:738} INFO - Searching for files in /opt/airflow/dags
[2023-12-25T09:50:12.961+0000] {manager.py:741} INFO - There are 0 files in /opt/airflow/dags
[2023-12-25T09:55:13.029+0000] {manager.py:738} INFO - Searching for files in /opt/airflow/dags
[2023-12-25T09:55:13.037+0000] {manager.py:741} INFO - There are 0 files in /opt/airflow/dags
[2023-12-25T10:00:13.934+0000] {manager.py:738} INFO - Searching for files in /opt/airflow/dags
[2023-12-25T10:00:13.940+0000] {manager.py:741} INFO - There are 0 files in /opt/airflow/dags
[2023-12-25T10:05:14.763+0000] {manager.py:738} INFO - Searching for files in /opt/airflow/dags
[2023-12-25T10:05:14.768+0000] {manager.py:741} INFO - There are 0 files in /opt/airflow/dags
[2023-12-25T10:10:15.121+0000] {manager.py:738} INFO - Searching for files in /opt/airflow/dags
[2023-12-25T10:10:15.126+0000] {manager.py:741} INFO - There are 0 files in /opt/airflow/dags
[2023-12-25T10:15:15.222+0000] {manager.py:738} INFO - Searching for files in /opt/airflow/dags
[2023-12-25T10:15:15.226+0000] {manager.py:741} INFO - There are 0 files in /opt/airflow/dags
[2023-12-25T10:20:16.076+0000] {manager.py:738} INFO - Searching for files in /opt/airflow/dags
[2023-12-25T10:20:16.082+0000] {manager.py:741} INFO - There are 0 files in /opt/airflow/dags
[2023-12-25T10:25:16.981+0000] {manager.py:738} INFO - Searching for files in /opt/airflow/dags
[2023-12-25T10:25:16.983+0000] {manager.py:741} INFO - There are 0 files in /opt/airflow/dags
[2023-12-25T10:30:17.866+0000] {manager.py:738} INFO - Searching for files in /opt/airflow/dags
[2023-12-25T10:30:17.869+0000] {manager.py:741} INFO - There are 0 files in /opt/airflow/dags
[2023-12-25T10:35:18.784+0000] {manager.py:738} INFO - Searching for files in /opt/airflow/dags
[2023-12-25T10:35:18.790+0000] {manager.py:741} INFO - There are 0 files in /opt/airflow/dags
[2023-12-25T10:40:19.623+0000] {manager.py:738} INFO - Searching for files in /opt/airflow/dags
[2023-12-25T10:40:19.627+0000] {manager.py:741} INFO - There are 0 files in /opt/airflow/dags
[2023-12-25T10:45:20.150+0000] {manager.py:738} INFO - Searching for files in /opt/airflow/dags
[2023-12-25T10:45:20.157+0000] {manager.py:741} INFO - There are 0 files in /opt/airflow/dags
[2023-12-25T10:50:20.888+0000] {manager.py:738} INFO - Searching for files in /opt/airflow/dags
[2023-12-25T10:50:20.894+0000] {manager.py:741} INFO - There are 0 files in /opt/airflow/dags
[2023-12-25T10:55:21.503+0000] {manager.py:738} INFO - Searching for files in /opt/airflow/dags
[2023-12-25T10:55:21.506+0000] {manager.py:741} INFO - There are 0 files in /opt/airflow/dags
[2023-12-25T11:00:22.178+0000] {manager.py:738} INFO - Searching for files in /opt/airflow/dags
[2023-12-25T11:00:22.184+0000] {manager.py:741} INFO - There are 0 files in /opt/airflow/dags
[2023-12-25T11:05:22.788+0000] {manager.py:738} INFO - Searching for files in /opt/airflow/dags
[2023-12-25T11:05:22.790+0000] {manager.py:741} INFO - There are 0 files in /opt/airflow/dags
[2023-12-25T11:10:23.406+0000] {manager.py:738} INFO - Searching for files in /opt/airflow/dags
[2023-12-25T11:10:23.410+0000] {manager.py:741} INFO - There are 0 files in /opt/airflow/dags
[2023-12-25T11:15:24.029+0000] {manager.py:738} INFO - Searching for files in /opt/airflow/dags
[2023-12-25T11:15:24.033+0000] {manager.py:741} INFO - There are 0 files in /opt/airflow/dags
[2023-12-25T11:20:24.685+0000] {manager.py:738} INFO - Searching for files in /opt/airflow/dags
[2023-12-25T11:20:24.690+0000] {manager.py:741} INFO - There are 0 files in /opt/airflow/dags
[2023-12-25T11:25:25.133+0000] {manager.py:738} INFO - Searching for files in /opt/airflow/dags
[2023-12-25T11:25:25.137+0000] {manager.py:741} INFO - There are 0 files in /opt/airflow/dags
[2023-12-25T11:30:25.752+0000] {manager.py:738} INFO - Searching for files in /opt/airflow/dags
[2023-12-25T11:30:25.757+0000] {manager.py:741} INFO - There are 0 files in /opt/airflow/dags
[2023-12-25T11:35:26.472+0000] {manager.py:738} INFO - Searching for files in /opt/airflow/dags
[2023-12-25T11:35:26.473+0000] {manager.py:741} INFO - There are 0 files in /opt/airflow/dags
[2023-12-25T11:40:26.622+0000] {manager.py:738} INFO - Searching for files in /opt/airflow/dags
[2023-12-25T11:40:26.627+0000] {manager.py:741} INFO - There are 0 files in /opt/airflow/dags
[2023-12-25T11:45:27.100+0000] {manager.py:738} INFO - Searching for files in /opt/airflow/dags
[2023-12-25T11:45:27.105+0000] {manager.py:741} INFO - There are 0 files in /opt/airflow/dags
[2023-12-25T11:50:27.736+0000] {manager.py:738} INFO - Searching for files in /opt/airflow/dags
[2023-12-25T11:50:27.740+0000] {manager.py:741} INFO - There are 0 files in /opt/airflow/dags
[2023-12-25T11:55:28.196+0000] {manager.py:738} INFO - Searching for files in /opt/airflow/dags
[2023-12-25T11:55:28.202+0000] {manager.py:741} INFO - There are 0 files in /opt/airflow/dags
[2023-12-25T12:00:28.851+0000] {manager.py:738} INFO - Searching for files in /opt/airflow/dags
[2023-12-25T12:00:28.855+0000] {manager.py:741} INFO - There are 0 files in /opt/airflow/dags
[2023-12-25T12:05:29.459+0000] {manager.py:738} INFO - Searching for files in /opt/airflow/dags
[2023-12-25T12:05:29.465+0000] {manager.py:741} INFO - There are 0 files in /opt/airflow/dags
[2023-12-25T12:10:30.027+0000] {manager.py:738} INFO - Searching for files in /opt/airflow/dags
[2023-12-25T12:10:30.032+0000] {manager.py:741} INFO - There are 0 files in /opt/airflow/dags
[2023-12-25T12:15:30.783+0000] {manager.py:738} INFO - Searching for files in /opt/airflow/dags
[2023-12-25T12:15:30.788+0000] {manager.py:741} INFO - There are 0 files in /opt/airflow/dags
[2023-12-25T12:31:32.192+0000] {manager.py:738} INFO - Searching for files in /opt/airflow/dags
[2023-12-25T12:31:32.277+0000] {manager.py:741} INFO - There are 0 files in /opt/airflow/dags
[2023-12-25T13:22:21.543+0000] {manager.py:738} INFO - Searching for files in /opt/airflow/dags
[2023-12-25T13:22:21.545+0000] {manager.py:741} INFO - There are 0 files in /opt/airflow/dags
[2023-12-25T14:27:46.378+0000] {manager.py:738} INFO - Searching for files in /opt/airflow/dags
[2023-12-25T14:27:46.388+0000] {manager.py:741} INFO - There are 0 files in /opt/airflow/dags
[2023-12-25T14:32:46.429+0000] {manager.py:738} INFO - Searching for files in /opt/airflow/dags
[2023-12-25T14:32:46.435+0000] {manager.py:741} INFO - There are 0 files in /opt/airflow/dags
[2023-12-25T14:37:47.285+0000] {manager.py:738} INFO - Searching for files in /opt/airflow/dags
[2023-12-25T14:37:47.288+0000] {manager.py:741} INFO - There are 0 files in /opt/airflow/dags
[2023-12-25T14:42:48.238+0000] {manager.py:738} INFO - Searching for files in /opt/airflow/dags
[2023-12-25T14:42:48.243+0000] {manager.py:741} INFO - There are 0 files in /opt/airflow/dags
[2023-12-25T14:47:49.182+0000] {manager.py:738} INFO - Searching for files in /opt/airflow/dags
[2023-12-25T14:47:49.188+0000] {manager.py:741} INFO - There are 0 files in /opt/airflow/dags
[2023-12-25T14:52:50.168+0000] {manager.py:738} INFO - Searching for files in /opt/airflow/dags
[2023-12-25T14:52:50.172+0000] {manager.py:741} INFO - There are 0 files in /opt/airflow/dags
[2023-12-25T14:57:51.098+0000] {manager.py:738} INFO - Searching for files in /opt/airflow/dags
[2023-12-25T14:57:51.102+0000] {manager.py:741} INFO - There are 0 files in /opt/airflow/dags
[2023-12-25T15:02:52.058+0000] {manager.py:738} INFO - Searching for files in /opt/airflow/dags
[2023-12-25T15:02:52.061+0000] {manager.py:741} INFO - There are 0 files in /opt/airflow/dags
[2023-12-25T15:07:53.003+0000] {manager.py:738} INFO - Searching for files in /opt/airflow/dags
[2023-12-25T15:07:53.007+0000] {manager.py:741} INFO - There are 0 files in /opt/airflow/dags
[2023-12-25T15:12:53.873+0000] {manager.py:738} INFO - Searching for files in /opt/airflow/dags
[2023-12-25T15:12:53.879+0000] {manager.py:741} INFO - There are 0 files in /opt/airflow/dags
[2023-12-25T15:17:54.809+0000] {manager.py:738} INFO - Searching for files in /opt/airflow/dags
[2023-12-25T15:17:54.811+0000] {manager.py:741} INFO - There are 0 files in /opt/airflow/dags
[2023-12-25T15:22:55.644+0000] {manager.py:738} INFO - Searching for files in /opt/airflow/dags
[2023-12-25T15:22:55.650+0000] {manager.py:741} INFO - There are 0 files in /opt/airflow/dags
[2023-12-25T15:27:56.637+0000] {manager.py:738} INFO - Searching for files in /opt/airflow/dags
[2023-12-25T15:27:56.642+0000] {manager.py:741} INFO - There are 0 files in /opt/airflow/dags
[2023-12-25T15:32:57.525+0000] {manager.py:738} INFO - Searching for files in /opt/airflow/dags
[2023-12-25T15:32:57.530+0000] {manager.py:741} INFO - There are 0 files in /opt/airflow/dags
[2023-12-25T15:37:57.591+0000] {manager.py:738} INFO - Searching for files in /opt/airflow/dags
[2023-12-25T15:37:57.598+0000] {manager.py:741} INFO - There are 0 files in /opt/airflow/dags
[2023-12-25T16:48:52.170+0000] {manager.py:738} INFO - Searching for files in /opt/airflow/dags
[2023-12-25T16:48:52.172+0000] {manager.py:741} INFO - There are 0 files in /opt/airflow/dags
[2023-12-25T17:06:08.217+0000] {manager.py:738} INFO - Searching for files in /opt/airflow/dags
[2023-12-25T17:06:08.219+0000] {manager.py:741} INFO - There are 0 files in /opt/airflow/dags
[2023-12-25T17:53:21.335+0000] {manager.py:738} INFO - Searching for files in /opt/airflow/dags
[2023-12-25T17:53:21.337+0000] {manager.py:741} INFO - There are 0 files in /opt/airflow/dags
[2023-12-25T18:35:21.676+0000] {manager.py:738} INFO - Searching for files in /opt/airflow/dags
[2023-12-25T18:35:21.679+0000] {manager.py:741} INFO - There are 0 files in /opt/airflow/dags
[2023-12-25T19:57:33.140+0000] {manager.py:738} INFO - Searching for files in /opt/airflow/dags
[2023-12-25T19:57:33.144+0000] {manager.py:741} INFO - There are 0 files in /opt/airflow/dags
[2023-12-25T21:37:48.103+0000] {manager.py:738} INFO - Searching for files in /opt/airflow/dags
[2023-12-25T21:37:48.104+0000] {manager.py:741} INFO - There are 0 files in /opt/airflow/dags
[2023-12-25T22:24:36.112+0000] {manager.py:738} INFO - Searching for files in /opt/airflow/dags
[2023-12-25T22:24:36.114+0000] {manager.py:741} INFO - There are 0 files in /opt/airflow/dags
[2023-12-25T23:32:56.541+0000] {manager.py:738} INFO - Searching for files in /opt/airflow/dags
[2023-12-25T23:32:56.542+0000] {manager.py:741} INFO - There are 0 files in /opt/airflow/dags
[2023-12-25T23:49:38.423+0000] {manager.py:738} INFO - Searching for files in /opt/airflow/dags
[2023-12-25T23:49:38.425+0000] {manager.py:741} INFO - There are 0 files in /opt/airflow/dags
[2023-12-26T00:08:57.009+0000] {manager.py:738} INFO - Searching for files in /opt/airflow/dags
[2023-12-26T00:08:57.013+0000] {manager.py:741} INFO - There are 0 files in /opt/airflow/dags
[2023-12-26T01:09:38.553+0000] {manager.py:738} INFO - Searching for files in /opt/airflow/dags
[2023-12-26T01:09:38.555+0000] {manager.py:741} INFO - There are 0 files in /opt/airflow/dags
[2023-12-26T01:30:14.906+0000] {manager.py:738} INFO - Searching for files in /opt/airflow/dags
[2023-12-26T01:30:14.910+0000] {manager.py:741} INFO - There are 0 files in /opt/airflow/dags
[2023-12-26T01:43:03.542+0000] {manager.py:738} INFO - Searching for files in /opt/airflow/dags
[2023-12-26T01:43:03.548+0000] {manager.py:741} INFO - There are 0 files in /opt/airflow/dags
[2023-12-26T01:48:04.392+0000] {manager.py:738} INFO - Searching for files in /opt/airflow/dags
[2023-12-26T01:48:04.399+0000] {manager.py:741} INFO - There are 0 files in /opt/airflow/dags
[2023-12-26T01:53:05.264+0000] {manager.py:738} INFO - Searching for files in /opt/airflow/dags
[2023-12-26T01:53:05.270+0000] {manager.py:741} INFO - There are 0 files in /opt/airflow/dags
[2023-12-26T01:58:05.989+0000] {manager.py:738} INFO - Searching for files in /opt/airflow/dags
[2023-12-26T01:58:05.992+0000] {manager.py:741} INFO - There are 0 files in /opt/airflow/dags
[2023-12-26T02:03:06.802+0000] {manager.py:738} INFO - Searching for files in /opt/airflow/dags
[2023-12-26T02:03:06.806+0000] {manager.py:741} INFO - There are 0 files in /opt/airflow/dags
[2023-12-26T02:08:06.928+0000] {manager.py:738} INFO - Searching for files in /opt/airflow/dags
[2023-12-26T02:08:06.932+0000] {manager.py:741} INFO - There are 0 files in /opt/airflow/dags
[2023-12-26T02:13:07.537+0000] {manager.py:738} INFO - Searching for files in /opt/airflow/dags
[2023-12-26T02:13:07.542+0000] {manager.py:741} INFO - There are 0 files in /opt/airflow/dags
[2023-12-26T02:18:08.289+0000] {manager.py:738} INFO - Searching for files in /opt/airflow/dags
[2023-12-26T02:18:08.292+0000] {manager.py:741} INFO - There are 0 files in /opt/airflow/dags
[2023-12-26T02:23:09.024+0000] {manager.py:738} INFO - Searching for files in /opt/airflow/dags
[2023-12-26T02:23:09.028+0000] {manager.py:741} INFO - There are 0 files in /opt/airflow/dags
[2023-12-26T02:28:09.844+0000] {manager.py:738} INFO - Searching for files in /opt/airflow/dags
[2023-12-26T02:28:09.850+0000] {manager.py:741} INFO - There are 0 files in /opt/airflow/dags
[2023-12-26T02:33:10.552+0000] {manager.py:738} INFO - Searching for files in /opt/airflow/dags
[2023-12-26T02:33:10.558+0000] {manager.py:741} INFO - There are 0 files in /opt/airflow/dags
[2023-12-26T02:38:11.421+0000] {manager.py:738} INFO - Searching for files in /opt/airflow/dags
[2023-12-26T02:38:11.425+0000] {manager.py:741} INFO - There are 0 files in /opt/airflow/dags
[2023-12-26T02:43:11.429+0000] {manager.py:738} INFO - Searching for files in /opt/airflow/dags
[2023-12-26T02:43:11.434+0000] {manager.py:741} INFO - There are 0 files in /opt/airflow/dags
[2023-12-26T02:48:12.312+0000] {manager.py:738} INFO - Searching for files in /opt/airflow/dags
[2023-12-26T02:48:12.320+0000] {manager.py:741} INFO - There are 0 files in /opt/airflow/dags
[2023-12-26T02:53:13.174+0000] {manager.py:738} INFO - Searching for files in /opt/airflow/dags
[2023-12-26T02:53:13.182+0000] {manager.py:741} INFO - There are 0 files in /opt/airflow/dags
[2023-12-26T02:58:13.901+0000] {manager.py:738} INFO - Searching for files in /opt/airflow/dags
[2023-12-26T02:58:13.905+0000] {manager.py:741} INFO - There are 0 files in /opt/airflow/dags
[2023-12-26T03:03:14.713+0000] {manager.py:738} INFO - Searching for files in /opt/airflow/dags
[2023-12-26T03:03:14.720+0000] {manager.py:741} INFO - There are 0 files in /opt/airflow/dags
[2023-12-26T03:08:15.569+0000] {manager.py:738} INFO - Searching for files in /opt/airflow/dags
[2023-12-26T03:08:15.575+0000] {manager.py:741} INFO - There are 0 files in /opt/airflow/dags
[2023-12-26T03:13:15.581+0000] {manager.py:738} INFO - Searching for files in /opt/airflow/dags
[2023-12-26T03:13:15.585+0000] {manager.py:741} INFO - There are 0 files in /opt/airflow/dags
[2023-12-26T03:18:16.457+0000] {manager.py:738} INFO - Searching for files in /opt/airflow/dags
[2023-12-26T03:18:16.465+0000] {manager.py:741} INFO - There are 0 files in /opt/airflow/dags
[2023-12-26T03:23:17.310+0000] {manager.py:738} INFO - Searching for files in /opt/airflow/dags
[2023-12-26T03:23:17.314+0000] {manager.py:741} INFO - There are 0 files in /opt/airflow/dags
[2023-12-26T03:28:18.185+0000] {manager.py:738} INFO - Searching for files in /opt/airflow/dags
[2023-12-26T03:28:18.192+0000] {manager.py:741} INFO - There are 0 files in /opt/airflow/dags
[2023-12-26T03:33:18.895+0000] {manager.py:738} INFO - Searching for files in /opt/airflow/dags
[2023-12-26T03:33:18.899+0000] {manager.py:741} INFO - There are 0 files in /opt/airflow/dags
[2023-12-26T03:38:19.650+0000] {manager.py:738} INFO - Searching for files in /opt/airflow/dags
[2023-12-26T03:38:19.657+0000] {manager.py:741} INFO - There are 0 files in /opt/airflow/dags
[2023-12-26T03:43:20.357+0000] {manager.py:738} INFO - Searching for files in /opt/airflow/dags
[2023-12-26T03:43:20.361+0000] {manager.py:741} INFO - There are 0 files in /opt/airflow/dags
[2023-12-26T03:48:21.023+0000] {manager.py:738} INFO - Searching for files in /opt/airflow/dags
[2023-12-26T03:48:21.028+0000] {manager.py:741} INFO - There are 0 files in /opt/airflow/dags
[2023-12-26T03:53:21.781+0000] {manager.py:738} INFO - Searching for files in /opt/airflow/dags
[2023-12-26T03:53:21.784+0000] {manager.py:741} INFO - There are 0 files in /opt/airflow/dags
[2023-12-26T03:58:22.673+0000] {manager.py:738} INFO - Searching for files in /opt/airflow/dags
[2023-12-26T03:58:22.677+0000] {manager.py:741} INFO - There are 0 files in /opt/airflow/dags
[2023-12-26T04:03:23.429+0000] {manager.py:738} INFO - Searching for files in /opt/airflow/dags
[2023-12-26T04:03:23.434+0000] {manager.py:741} INFO - There are 0 files in /opt/airflow/dags
[2023-12-26T04:08:24.158+0000] {manager.py:738} INFO - Searching for files in /opt/airflow/dags
[2023-12-26T04:08:24.163+0000] {manager.py:741} INFO - There are 0 files in /opt/airflow/dags
[2023-12-26T04:13:24.912+0000] {manager.py:738} INFO - Searching for files in /opt/airflow/dags
[2023-12-26T04:13:24.919+0000] {manager.py:741} INFO - There are 0 files in /opt/airflow/dags
[2023-12-26T04:18:25.715+0000] {manager.py:738} INFO - Searching for files in /opt/airflow/dags
[2023-12-26T04:18:25.719+0000] {manager.py:741} INFO - There are 0 files in /opt/airflow/dags
[2023-12-26T04:23:26.441+0000] {manager.py:738} INFO - Searching for files in /opt/airflow/dags
[2023-12-26T04:23:26.451+0000] {manager.py:741} INFO - There are 0 files in /opt/airflow/dags
[2023-12-26T04:28:27.393+0000] {manager.py:738} INFO - Searching for files in /opt/airflow/dags
[2023-12-26T04:28:27.399+0000] {manager.py:741} INFO - There are 0 files in /opt/airflow/dags
[2023-12-26T04:33:28.269+0000] {manager.py:738} INFO - Searching for files in /opt/airflow/dags
[2023-12-26T04:33:28.278+0000] {manager.py:741} INFO - There are 0 files in /opt/airflow/dags
[2023-12-26T04:38:29.032+0000] {manager.py:738} INFO - Searching for files in /opt/airflow/dags
[2023-12-26T04:38:29.036+0000] {manager.py:741} INFO - There are 0 files in /opt/airflow/dags
[2023-12-26T04:43:29.852+0000] {manager.py:738} INFO - Searching for files in /opt/airflow/dags
[2023-12-26T04:43:29.859+0000] {manager.py:741} INFO - There are 0 files in /opt/airflow/dags
[2023-12-26T04:48:30.691+0000] {manager.py:738} INFO - Searching for files in /opt/airflow/dags
[2023-12-26T04:48:30.699+0000] {manager.py:741} INFO - There are 0 files in /opt/airflow/dags
[2023-12-26T04:53:31.662+0000] {manager.py:738} INFO - Searching for files in /opt/airflow/dags
[2023-12-26T04:53:31.667+0000] {manager.py:741} INFO - There are 0 files in /opt/airflow/dags
[2023-12-26T04:58:32.570+0000] {manager.py:738} INFO - Searching for files in /opt/airflow/dags
[2023-12-26T04:58:32.576+0000] {manager.py:741} INFO - There are 0 files in /opt/airflow/dags
[2023-12-26T05:03:32.580+0000] {manager.py:738} INFO - Searching for files in /opt/airflow/dags
[2023-12-26T05:03:32.585+0000] {manager.py:741} INFO - There are 0 files in /opt/airflow/dags
[2023-12-26T05:08:32.855+0000] {manager.py:738} INFO - Searching for files in /opt/airflow/dags
[2023-12-26T05:08:32.859+0000] {manager.py:741} INFO - There are 0 files in /opt/airflow/dags
[2023-12-26T05:13:33.502+0000] {manager.py:738} INFO - Searching for files in /opt/airflow/dags
[2023-12-26T05:13:33.507+0000] {manager.py:741} INFO - There are 0 files in /opt/airflow/dags
[2023-12-26T05:18:34.261+0000] {manager.py:738} INFO - Searching for files in /opt/airflow/dags
[2023-12-26T05:18:34.267+0000] {manager.py:741} INFO - There are 0 files in /opt/airflow/dags
[2023-12-26T05:23:35.253+0000] {manager.py:738} INFO - Searching for files in /opt/airflow/dags
[2023-12-26T05:23:35.259+0000] {manager.py:741} INFO - There are 0 files in /opt/airflow/dags
[2023-12-26T05:28:36.128+0000] {manager.py:738} INFO - Searching for files in /opt/airflow/dags
[2023-12-26T05:28:36.134+0000] {manager.py:741} INFO - There are 0 files in /opt/airflow/dags
[2023-12-26T05:33:36.894+0000] {manager.py:738} INFO - Searching for files in /opt/airflow/dags
[2023-12-26T05:33:36.902+0000] {manager.py:741} INFO - There are 0 files in /opt/airflow/dags
[2023-12-26T05:38:37.130+0000] {manager.py:738} INFO - Searching for files in /opt/airflow/dags
[2023-12-26T05:38:37.141+0000] {manager.py:741} INFO - There are 0 files in /opt/airflow/dags
[2023-12-26T05:43:38.069+0000] {manager.py:738} INFO - Searching for files in /opt/airflow/dags
[2023-12-26T05:43:38.077+0000] {manager.py:741} INFO - There are 0 files in /opt/airflow/dags
[2023-12-26T05:48:38.960+0000] {manager.py:738} INFO - Searching for files in /opt/airflow/dags
[2023-12-26T05:48:38.970+0000] {manager.py:741} INFO - There are 0 files in /opt/airflow/dags
[2023-12-26T05:53:39.618+0000] {manager.py:738} INFO - Searching for files in /opt/airflow/dags
[2023-12-26T05:53:39.622+0000] {manager.py:741} INFO - There are 0 files in /opt/airflow/dags
[2023-12-26T05:58:40.169+0000] {manager.py:738} INFO - Searching for files in /opt/airflow/dags
[2023-12-26T05:58:40.177+0000] {manager.py:741} INFO - There are 0 files in /opt/airflow/dags
[2023-12-26T06:03:40.623+0000] {manager.py:738} INFO - Searching for files in /opt/airflow/dags
[2023-12-26T06:03:40.631+0000] {manager.py:741} INFO - There are 0 files in /opt/airflow/dags
[2023-12-26T06:08:40.655+0000] {manager.py:738} INFO - Searching for files in /opt/airflow/dags
[2023-12-26T06:08:40.659+0000] {manager.py:741} INFO - There are 0 files in /opt/airflow/dags
[2023-12-26T06:13:40.665+0000] {manager.py:738} INFO - Searching for files in /opt/airflow/dags
[2023-12-26T06:13:40.669+0000] {manager.py:741} INFO - There are 0 files in /opt/airflow/dags
[2023-12-26T06:18:41.619+0000] {manager.py:738} INFO - Searching for files in /opt/airflow/dags
[2023-12-26T06:18:41.624+0000] {manager.py:741} INFO - There are 0 files in /opt/airflow/dags
[2023-12-26T06:23:42.336+0000] {manager.py:738} INFO - Searching for files in /opt/airflow/dags
[2023-12-26T06:23:42.339+0000] {manager.py:741} INFO - There are 0 files in /opt/airflow/dags
[2023-12-26T06:28:43.099+0000] {manager.py:738} INFO - Searching for files in /opt/airflow/dags
[2023-12-26T06:28:43.105+0000] {manager.py:741} INFO - There are 0 files in /opt/airflow/dags
[2023-12-26T06:33:43.767+0000] {manager.py:738} INFO - Searching for files in /opt/airflow/dags
[2023-12-26T06:33:43.770+0000] {manager.py:741} INFO - There are 0 files in /opt/airflow/dags
[2023-12-26T06:38:44.647+0000] {manager.py:738} INFO - Searching for files in /opt/airflow/dags
[2023-12-26T06:38:44.651+0000] {manager.py:741} INFO - There are 0 files in /opt/airflow/dags
[2023-12-26T06:43:45.324+0000] {manager.py:738} INFO - Searching for files in /opt/airflow/dags
[2023-12-26T06:43:45.330+0000] {manager.py:741} INFO - There are 0 files in /opt/airflow/dags
[2023-12-26T06:48:46.123+0000] {manager.py:738} INFO - Searching for files in /opt/airflow/dags
[2023-12-26T06:48:46.131+0000] {manager.py:741} INFO - There are 0 files in /opt/airflow/dags
[2023-12-26T06:53:46.898+0000] {manager.py:738} INFO - Searching for files in /opt/airflow/dags
[2023-12-26T06:53:46.901+0000] {manager.py:741} INFO - There are 0 files in /opt/airflow/dags
[2023-12-26T06:58:47.589+0000] {manager.py:738} INFO - Searching for files in /opt/airflow/dags
[2023-12-26T06:58:47.592+0000] {manager.py:741} INFO - There are 0 files in /opt/airflow/dags
[2023-12-26T07:03:48.277+0000] {manager.py:738} INFO - Searching for files in /opt/airflow/dags
[2023-12-26T07:03:48.284+0000] {manager.py:741} INFO - There are 0 files in /opt/airflow/dags
[2023-12-26T07:08:49.078+0000] {manager.py:738} INFO - Searching for files in /opt/airflow/dags
[2023-12-26T07:08:49.081+0000] {manager.py:741} INFO - There are 0 files in /opt/airflow/dags
[2023-12-26T07:13:49.649+0000] {manager.py:738} INFO - Searching for files in /opt/airflow/dags
[2023-12-26T07:13:49.656+0000] {manager.py:741} INFO - There are 0 files in /opt/airflow/dags
[2023-12-26T07:18:50.360+0000] {manager.py:738} INFO - Searching for files in /opt/airflow/dags
[2023-12-26T07:18:50.367+0000] {manager.py:741} INFO - There are 0 files in /opt/airflow/dags
[2023-12-26T07:23:51.152+0000] {manager.py:738} INFO - Searching for files in /opt/airflow/dags
[2023-12-26T07:23:51.158+0000] {manager.py:741} INFO - There are 0 files in /opt/airflow/dags
[2023-12-26T07:28:51.853+0000] {manager.py:738} INFO - Searching for files in /opt/airflow/dags
[2023-12-26T07:28:51.857+0000] {manager.py:741} INFO - There are 0 files in /opt/airflow/dags
[2023-12-26T07:33:52.553+0000] {manager.py:738} INFO - Searching for files in /opt/airflow/dags
[2023-12-26T07:33:52.559+0000] {manager.py:741} INFO - There are 0 files in /opt/airflow/dags
[2023-12-26T07:38:53.184+0000] {manager.py:738} INFO - Searching for files in /opt/airflow/dags
[2023-12-26T07:38:53.191+0000] {manager.py:741} INFO - There are 0 files in /opt/airflow/dags
[2023-12-26T07:43:54.098+0000] {manager.py:738} INFO - Searching for files in /opt/airflow/dags
[2023-12-26T07:43:54.106+0000] {manager.py:741} INFO - There are 0 files in /opt/airflow/dags
[2023-12-26T07:48:54.863+0000] {manager.py:738} INFO - Searching for files in /opt/airflow/dags
[2023-12-26T07:48:54.867+0000] {manager.py:741} INFO - There are 0 files in /opt/airflow/dags
[2023-12-26T07:53:55.525+0000] {manager.py:738} INFO - Searching for files in /opt/airflow/dags
[2023-12-26T07:53:55.535+0000] {manager.py:741} INFO - There are 0 files in /opt/airflow/dags
[2023-12-26T07:58:56.338+0000] {manager.py:738} INFO - Searching for files in /opt/airflow/dags
[2023-12-26T07:58:56.343+0000] {manager.py:741} INFO - There are 0 files in /opt/airflow/dags
[2023-12-26T08:03:57.151+0000] {manager.py:738} INFO - Searching for files in /opt/airflow/dags
[2023-12-26T08:03:57.160+0000] {manager.py:741} INFO - There are 0 files in /opt/airflow/dags
[2023-12-26T08:08:57.941+0000] {manager.py:738} INFO - Searching for files in /opt/airflow/dags
[2023-12-26T08:08:57.946+0000] {manager.py:741} INFO - There are 0 files in /opt/airflow/dags
[2023-12-26T08:13:58.549+0000] {manager.py:738} INFO - Searching for files in /opt/airflow/dags
[2023-12-26T08:13:58.554+0000] {manager.py:741} INFO - There are 0 files in /opt/airflow/dags
[2023-12-26T08:18:59.212+0000] {manager.py:738} INFO - Searching for files in /opt/airflow/dags
[2023-12-26T08:18:59.217+0000] {manager.py:741} INFO - There are 0 files in /opt/airflow/dags
[2023-12-26T08:23:59.984+0000] {manager.py:738} INFO - Searching for files in /opt/airflow/dags
[2023-12-26T08:23:59.991+0000] {manager.py:741} INFO - There are 0 files in /opt/airflow/dags
[2023-12-26T08:29:00.798+0000] {manager.py:738} INFO - Searching for files in /opt/airflow/dags
[2023-12-26T08:29:00.805+0000] {manager.py:741} INFO - There are 0 files in /opt/airflow/dags
[2023-12-26T08:34:01.545+0000] {manager.py:738} INFO - Searching for files in /opt/airflow/dags
[2023-12-26T08:34:01.549+0000] {manager.py:741} INFO - There are 0 files in /opt/airflow/dags
[2023-12-26T08:39:02.233+0000] {manager.py:738} INFO - Searching for files in /opt/airflow/dags
[2023-12-26T08:39:02.236+0000] {manager.py:741} INFO - There are 0 files in /opt/airflow/dags
[2023-12-26T08:44:02.945+0000] {manager.py:738} INFO - Searching for files in /opt/airflow/dags
[2023-12-26T08:44:02.954+0000] {manager.py:741} INFO - There are 0 files in /opt/airflow/dags
[2023-12-26T08:49:03.819+0000] {manager.py:738} INFO - Searching for files in /opt/airflow/dags
[2023-12-26T08:49:03.824+0000] {manager.py:741} INFO - There are 0 files in /opt/airflow/dags
[2023-12-26T08:54:04.621+0000] {manager.py:738} INFO - Searching for files in /opt/airflow/dags
[2023-12-26T08:54:04.627+0000] {manager.py:741} INFO - There are 0 files in /opt/airflow/dags
[2023-12-26T08:59:05.529+0000] {manager.py:738} INFO - Searching for files in /opt/airflow/dags
[2023-12-26T08:59:05.536+0000] {manager.py:741} INFO - There are 0 files in /opt/airflow/dags
[2023-12-26T09:04:06.423+0000] {manager.py:738} INFO - Searching for files in /opt/airflow/dags
[2023-12-26T09:04:06.430+0000] {manager.py:741} INFO - There are 0 files in /opt/airflow/dags
[2023-12-26T09:09:07.396+0000] {manager.py:738} INFO - Searching for files in /opt/airflow/dags
[2023-12-26T09:09:07.401+0000] {manager.py:741} INFO - There are 0 files in /opt/airflow/dags
[2023-12-26T09:14:08.237+0000] {manager.py:738} INFO - Searching for files in /opt/airflow/dags
[2023-12-26T09:14:08.241+0000] {manager.py:741} INFO - There are 0 files in /opt/airflow/dags
[2023-12-26T09:19:08.980+0000] {manager.py:738} INFO - Searching for files in /opt/airflow/dags
[2023-12-26T09:19:08.987+0000] {manager.py:741} INFO - There are 0 files in /opt/airflow/dags
[2023-12-26T09:24:09.949+0000] {manager.py:738} INFO - Searching for files in /opt/airflow/dags
[2023-12-26T09:24:09.957+0000] {manager.py:741} INFO - There are 0 files in /opt/airflow/dags
[2023-12-26T09:29:10.883+0000] {manager.py:738} INFO - Searching for files in /opt/airflow/dags
[2023-12-26T09:29:10.892+0000] {manager.py:741} INFO - There are 0 files in /opt/airflow/dags
[2023-12-26T09:34:11.834+0000] {manager.py:738} INFO - Searching for files in /opt/airflow/dags
[2023-12-26T09:34:11.840+0000] {manager.py:741} INFO - There are 0 files in /opt/airflow/dags
[2023-12-26T09:39:12.594+0000] {manager.py:738} INFO - Searching for files in /opt/airflow/dags
[2023-12-26T09:39:12.603+0000] {manager.py:741} INFO - There are 0 files in /opt/airflow/dags
[2023-12-26T09:44:13.409+0000] {manager.py:738} INFO - Searching for files in /opt/airflow/dags
[2023-12-26T09:44:13.415+0000] {manager.py:741} INFO - There are 0 files in /opt/airflow/dags
[2023-12-26T09:49:14.109+0000] {manager.py:738} INFO - Searching for files in /opt/airflow/dags
[2023-12-26T09:49:14.113+0000] {manager.py:741} INFO - There are 0 files in /opt/airflow/dags
[2023-12-26T09:54:14.899+0000] {manager.py:738} INFO - Searching for files in /opt/airflow/dags
[2023-12-26T09:54:14.904+0000] {manager.py:741} INFO - There are 0 files in /opt/airflow/dags
[2023-12-26T09:59:15.760+0000] {manager.py:738} INFO - Searching for files in /opt/airflow/dags
[2023-12-26T09:59:15.766+0000] {manager.py:741} INFO - There are 0 files in /opt/airflow/dags
[2023-12-26T10:04:16.607+0000] {manager.py:738} INFO - Searching for files in /opt/airflow/dags
[2023-12-26T10:04:16.614+0000] {manager.py:741} INFO - There are 0 files in /opt/airflow/dags
[2023-12-26T10:09:17.540+0000] {manager.py:738} INFO - Searching for files in /opt/airflow/dags
[2023-12-26T10:09:17.548+0000] {manager.py:741} INFO - There are 0 files in /opt/airflow/dags
[2023-12-26T10:14:18.319+0000] {manager.py:738} INFO - Searching for files in /opt/airflow/dags
[2023-12-26T10:14:18.323+0000] {manager.py:741} INFO - There are 0 files in /opt/airflow/dags
[2023-12-26T10:19:19.158+0000] {manager.py:738} INFO - Searching for files in /opt/airflow/dags
[2023-12-26T10:19:19.164+0000] {manager.py:741} INFO - There are 0 files in /opt/airflow/dags
[2023-12-26T10:24:19.980+0000] {manager.py:738} INFO - Searching for files in /opt/airflow/dags
[2023-12-26T10:24:19.985+0000] {manager.py:741} INFO - There are 0 files in /opt/airflow/dags
[2023-12-26T10:29:20.965+0000] {manager.py:738} INFO - Searching for files in /opt/airflow/dags
[2023-12-26T10:29:20.975+0000] {manager.py:741} INFO - There are 0 files in /opt/airflow/dags
[2023-12-26T10:34:21.850+0000] {manager.py:738} INFO - Searching for files in /opt/airflow/dags
[2023-12-26T10:34:21.855+0000] {manager.py:741} INFO - There are 0 files in /opt/airflow/dags
[2023-12-26T10:39:22.624+0000] {manager.py:738} INFO - Searching for files in /opt/airflow/dags
[2023-12-26T10:39:22.632+0000] {manager.py:741} INFO - There are 0 files in /opt/airflow/dags
[2023-12-26T10:44:23.397+0000] {manager.py:738} INFO - Searching for files in /opt/airflow/dags
[2023-12-26T10:44:23.404+0000] {manager.py:741} INFO - There are 0 files in /opt/airflow/dags
[2023-12-26T10:49:23.572+0000] {manager.py:738} INFO - Searching for files in /opt/airflow/dags
[2023-12-26T10:49:23.581+0000] {manager.py:741} INFO - There are 0 files in /opt/airflow/dags
[2023-12-26T10:54:24.433+0000] {manager.py:738} INFO - Searching for files in /opt/airflow/dags
[2023-12-26T10:54:24.439+0000] {manager.py:741} INFO - There are 0 files in /opt/airflow/dags
[2023-12-26T10:59:25.368+0000] {manager.py:738} INFO - Searching for files in /opt/airflow/dags
[2023-12-26T10:59:25.376+0000] {manager.py:741} INFO - There are 0 files in /opt/airflow/dags
[2023-12-26T11:04:25.608+0000] {manager.py:738} INFO - Searching for files in /opt/airflow/dags
[2023-12-26T11:04:25.618+0000] {manager.py:741} INFO - There are 0 files in /opt/airflow/dags
[2023-12-26T11:09:25.689+0000] {manager.py:738} INFO - Searching for files in /opt/airflow/dags
[2023-12-26T11:09:25.693+0000] {manager.py:741} INFO - There are 0 files in /opt/airflow/dags
[2023-12-26T11:14:26.414+0000] {manager.py:738} INFO - Searching for files in /opt/airflow/dags
[2023-12-26T11:14:26.424+0000] {manager.py:741} INFO - There are 0 files in /opt/airflow/dags
[2023-12-26T11:19:26.863+0000] {manager.py:738} INFO - Searching for files in /opt/airflow/dags
[2023-12-26T11:19:26.866+0000] {manager.py:741} INFO - There are 0 files in /opt/airflow/dags
[2023-12-26T11:39:06.305+0000] {manager.py:738} INFO - Searching for files in /opt/airflow/dags
[2023-12-26T11:39:06.308+0000] {manager.py:741} INFO - There are 0 files in /opt/airflow/dags
[2023-12-26T11:56:34.988+0000] {manager.py:738} INFO - Searching for files in /opt/airflow/dags
[2023-12-26T11:56:35.056+0000] {manager.py:741} INFO - There are 0 files in /opt/airflow/dags
[2023-12-26T12:34:59.537+0000] {manager.py:738} INFO - Searching for files in /opt/airflow/dags
[2023-12-26T12:34:59.541+0000] {manager.py:741} INFO - There are 0 files in /opt/airflow/dags
[2023-12-26T13:20:09.266+0000] {manager.py:738} INFO - Searching for files in /opt/airflow/dags
[2023-12-26T13:20:09.271+0000] {manager.py:741} INFO - There are 0 files in /opt/airflow/dags
[2023-12-29T10:04:57.615+0000] {manager.py:469} INFO - Processing files using up to 2 processes at a time 
[2023-12-29T10:04:57.615+0000] {manager.py:470} INFO - Process each file at most once every 30 seconds
[2023-12-29T10:04:57.616+0000] {manager.py:471} INFO - Checking for new files in /opt/airflow/dags every 300 seconds
[2023-12-29T10:04:57.616+0000] {manager.py:738} INFO - Searching for files in /opt/airflow/dags
[2023-12-29T10:04:57.617+0000] {manager.py:741} INFO - There are 0 files in /opt/airflow/dags
[2023-12-29T10:09:58.222+0000] {manager.py:738} INFO - Searching for files in /opt/airflow/dags
[2023-12-29T10:09:58.226+0000] {manager.py:741} INFO - There are 0 files in /opt/airflow/dags
[2023-12-29T10:14:59.076+0000] {manager.py:738} INFO - Searching for files in /opt/airflow/dags
[2023-12-29T10:14:59.079+0000] {manager.py:741} INFO - There are 0 files in /opt/airflow/dags
[2023-12-29T10:19:59.843+0000] {manager.py:738} INFO - Searching for files in /opt/airflow/dags
[2023-12-29T10:19:59.850+0000] {manager.py:741} INFO - There are 0 files in /opt/airflow/dags
[2023-12-29T10:25:00.576+0000] {manager.py:738} INFO - Searching for files in /opt/airflow/dags
[2023-12-29T10:25:00.584+0000] {manager.py:741} INFO - There are 0 files in /opt/airflow/dags
[2023-12-29T10:30:01.167+0000] {manager.py:738} INFO - Searching for files in /opt/airflow/dags
[2023-12-29T10:30:01.171+0000] {manager.py:741} INFO - There are 0 files in /opt/airflow/dags
[2023-12-29T10:35:01.849+0000] {manager.py:738} INFO - Searching for files in /opt/airflow/dags
[2023-12-29T10:35:01.855+0000] {manager.py:741} INFO - There are 0 files in /opt/airflow/dags
[2023-12-29T10:40:02.650+0000] {manager.py:738} INFO - Searching for files in /opt/airflow/dags
[2023-12-29T10:40:02.655+0000] {manager.py:741} INFO - There are 0 files in /opt/airflow/dags
[2023-12-29T10:45:03.279+0000] {manager.py:738} INFO - Searching for files in /opt/airflow/dags
[2023-12-29T10:45:03.283+0000] {manager.py:741} INFO - There are 0 files in /opt/airflow/dags
[2023-12-29T10:50:03.908+0000] {manager.py:738} INFO - Searching for files in /opt/airflow/dags
[2023-12-29T10:50:03.913+0000] {manager.py:741} INFO - There are 0 files in /opt/airflow/dags
[2023-12-29T10:55:04.540+0000] {manager.py:738} INFO - Searching for files in /opt/airflow/dags
[2023-12-29T10:55:04.545+0000] {manager.py:741} INFO - There are 0 files in /opt/airflow/dags
[2023-12-29T11:00:05.535+0000] {manager.py:738} INFO - Searching for files in /opt/airflow/dags
[2023-12-29T11:00:05.544+0000] {manager.py:741} INFO - There are 0 files in /opt/airflow/dags
[2023-12-29T11:05:05.859+0000] {manager.py:738} INFO - Searching for files in /opt/airflow/dags
[2023-12-29T11:05:05.863+0000] {manager.py:741} INFO - There are 0 files in /opt/airflow/dags
[2023-12-29T11:21:01.756+0000] {manager.py:738} INFO - Searching for files in /opt/airflow/dags
[2023-12-29T11:21:01.760+0000] {manager.py:741} INFO - There are 0 files in /opt/airflow/dags
[2023-12-29T12:00:56.738+0000] {manager.py:738} INFO - Searching for files in /opt/airflow/dags
[2023-12-29T12:00:56.741+0000] {manager.py:741} INFO - There are 0 files in /opt/airflow/dags
[2023-12-29T12:19:01.835+0000] {manager.py:738} INFO - Searching for files in /opt/airflow/dags
[2023-12-29T12:19:01.841+0000] {manager.py:741} INFO - There are 0 files in /opt/airflow/dags
[2023-12-29T12:24:02.041+0000] {manager.py:738} INFO - Searching for files in /opt/airflow/dags
[2023-12-29T12:24:02.050+0000] {manager.py:741} INFO - There are 0 files in /opt/airflow/dags
[2023-12-29T13:23:02.474+0000] {manager.py:738} INFO - Searching for files in /opt/airflow/dags
[2023-12-29T13:23:02.547+0000] {manager.py:741} INFO - There are 0 files in /opt/airflow/dags
[2023-12-29T14:17:51.811+0000] {manager.py:738} INFO - Searching for files in /opt/airflow/dags
[2023-12-29T14:17:51.814+0000] {manager.py:741} INFO - There are 0 files in /opt/airflow/dags
[2023-12-29T14:22:52.586+0000] {manager.py:738} INFO - Searching for files in /opt/airflow/dags
[2023-12-29T14:22:52.593+0000] {manager.py:741} INFO - There are 0 files in /opt/airflow/dags
[2023-12-29T14:51:06.810+0000] {manager.py:469} INFO - Processing files using up to 2 processes at a time 
[2023-12-29T14:51:06.810+0000] {manager.py:470} INFO - Process each file at most once every 30 seconds
[2023-12-29T14:51:06.811+0000] {manager.py:471} INFO - Checking for new files in /opt/airflow/dags every 300 seconds
[2023-12-29T14:51:06.811+0000] {manager.py:738} INFO - Searching for files in /opt/airflow/dags
[2023-12-29T14:51:06.812+0000] {manager.py:741} INFO - There are 0 files in /opt/airflow/dags
[2023-12-29T14:52:39.894+0000] {manager.py:451} INFO - Exiting gracefully upon receiving signal 15
